<?xml version="1.0" encoding="UTF-8"?>
<!-- Generated by org.testng.reporters.JUnitXMLReporter -->
<testsuite hostname="L-PB2KH29" ignored="0" name="Free CRM App Test Cases" tests="2" failures="0" timestamp="21 Feb 2018 03:56:03 GMT" time="113.014" errors="0">
  <testcase name="LoginPageTitleTest" time="0.291" classname="com.sp.qa.testcases.LoginPageTest"/>
  <testcase name="loginTest" time="100.662" classname="com.sp.qa.testcases.LoginPageTest"/>
</testsuite> <!-- Free CRM App Test Cases -->
