<?xml version="1.0" encoding="UTF-8"?>
<!-- Generated by org.testng.reporters.JUnitXMLReporter -->
<testsuite hostname="L-PB2KH29" ignored="0" name="TRILLIUM App Test Cases" tests="2" failures="0" timestamp="21 Feb 2018 14:35:39 GMT" time="106.46" errors="0">
  <testcase name="LoginPageTitleTest" time="0.282" classname="com.sp.qa.testcases.LoginPageTest"/>
  <testcase name="loginTest" time="100.154" classname="com.sp.qa.testcases.LoginPageTest"/>
</testsuite> <!-- TRILLIUM App Test Cases -->
